<?xml version="1.0" encoding="UTF-8"?>
<!-- Generated by org.testng.reporters.JUnitReportReporter -->
<testsuite skipped="0" hostname="DG-D-L012" name="com.qa.tests.DemoTest" tests="4" failures="0" timestamp="31 Oct 2020 15:58:31 GMT" time="0.198" errors="0">
  <testcase name="sum" time="0.022" classname="com.qa.tests.DemoTest"/>
  <testcase name="div" time="0.132" classname="com.qa.tests.DemoTest"/>
  <testcase name="sub" time="0.014" classname="com.qa.tests.DemoTest"/>
  <testcase name="mul" time="0.030" classname="com.qa.tests.DemoTest"/>
</testsuite> <!-- com.qa.tests.DemoTest -->
