<?xml version="1.0" encoding="UTF-8"?>
<!-- Generated by org.testng.reporters.JUnitReportReporter -->
<testsuite skipped="0" hostname="DG-D-L012" name="com.qa.tests.DemoTest2" tests="4" failures="0" timestamp="31 Oct 2020 19:38:02 GMT" time="0.012" errors="0">
  <testcase name="mul" time="0.001" classname="com.qa.tests.DemoTest2"/>
  <testcase name="sum" time="0.004" classname="com.qa.tests.DemoTest2"/>
  <testcase name="div" time="0.002" classname="com.qa.tests.DemoTest2"/>
  <testcase name="sub" time="0.005" classname="com.qa.tests.DemoTest2"/>
</testsuite> <!-- com.qa.tests.DemoTest2 -->
