<?xml version="1.0" encoding="UTF-8"?>
<!-- Generated by org.testng.reporters.JUnitReportReporter -->
<testsuite skipped="0" hostname="DG-D-L012" name="com.qa.tests.DemoTest1" tests="4" failures="0" timestamp="31 Oct 2020 19:38:02 GMT" time="0.016" errors="0">
  <testcase name="sum" time="0.007" classname="com.qa.tests.DemoTest1"/>
  <testcase name="mul" time="0.003" classname="com.qa.tests.DemoTest1"/>
  <testcase name="sub" time="0.004" classname="com.qa.tests.DemoTest1"/>
  <testcase name="div" time="0.002" classname="com.qa.tests.DemoTest1"/>
</testsuite> <!-- com.qa.tests.DemoTest1 -->
